[application/bitcoin] analyzing
Static Analysis
Project: /home/dcotrone/VulnDetect/Static-Analysis/dataset/application/bitcoin
Output: /home/dcotrone/VulnDetect/Static-Analysis/outputs/application/bitcoin
Tools: cppcheck, semgrep, codeql, flawfinder

[cppcheck] starting
[semgrep] starting
[codeql] starting
[flawfinder] starting
[1/4] flawfinder completed: 1656 findings, exit 0, 4.37s
[2/4] semgrep completed: 0 findings, exit 0, 13.04s
[cppcheck] still running | elapsed 00:05:00 | timeout none
[codeql] still running | elapsed 00:05:00 | timeout 24:00:00 | remaining before timeout 23:54:59
[3/4] codeql completed: 64 findings, exit 0, 400.02s
[cppcheck] still running | elapsed 00:10:00 | timeout none
[cppcheck] still running | elapsed 00:15:00 | timeout none
[cppcheck] still running | elapsed 00:20:00 | timeout none
[cppcheck] still running | elapsed 00:25:00 | timeout none
[cppcheck] still running | elapsed 00:30:00 | timeout none
[cppcheck] still running | elapsed 00:35:00 | timeout none
[cppcheck] still running | elapsed 00:40:00 | timeout none
[cppcheck] still running | elapsed 00:45:00 | timeout none
[cppcheck] still running | elapsed 00:50:00 | timeout none
[cppcheck] still running | elapsed 00:55:00 | timeout none
[cppcheck] still running | elapsed 01:00:00 | timeout none
[4/4] cppcheck completed: 143 findings, exit 0, 3691.96s

Summary: 4 completed, 0 failed, 1863 findings
Report written: /home/dcotrone/VulnDetect/Static-Analysis/outputs/application/bitcoin/report.json
