[application/libphonenumber] analyzing
Static Analysis
Project: /home/dcotrone/VulnDetect/Static-Analysis/dataset/application/libphonenumber
Output: /home/dcotrone/VulnDetect/Static-Analysis/outputs/application/libphonenumber
Tools: cppcheck, semgrep, codeql, flawfinder

[cppcheck] starting
[semgrep] starting
[codeql] starting
[flawfinder] starting
[1/4] flawfinder completed: 166 findings, exit 0, 1.65s
[2/4] semgrep completed: 0 findings, exit 0, 7.36s
[3/4] codeql completed: 4 findings, exit 0, 30.63s
[cppcheck] still running | elapsed 00:05:00 | timeout none
[cppcheck] still running | elapsed 00:10:00 | timeout none
[cppcheck] still running | elapsed 00:15:00 | timeout none
[cppcheck] still running | elapsed 00:20:00 | timeout none
[cppcheck] still running | elapsed 00:25:00 | timeout none
[4/4] cppcheck completed: 0 findings, exit 0, 1733.16s

Summary: 4 completed, 0 failed, 170 findings
Report written: /home/dcotrone/VulnDetect/Static-Analysis/outputs/application/libphonenumber/report.json
