[kernel/linux] analyzing
Static Analysis
Project: /home/dcotrone/VulnDetect/Static-Analysis/dataset/kernel/linux
Output: /home/dcotrone/VulnDetect/Static-Analysis/outputs/kernel/linux
Tools: cppcheck, semgrep, codeql, flawfinder

[cppcheck] starting
[semgrep] starting
[codeql] starting
[flawfinder] starting
[1/4] flawfinder completed: 52104 findings, exit 0, 195.70s
[cppcheck] still running | elapsed 00:05:00 | timeout none
[codeql] still running | elapsed 00:05:00 | timeout 24:00:00 | remaining before timeout 23:54:59
[semgrep] still running | elapsed 00:05:00 | timeout none
[2/4] semgrep completed: 804 findings, exit 0, 567.41s
[cppcheck] still running | elapsed 00:10:00 | timeout none
[codeql] still running | elapsed 00:10:00 | timeout 24:00:00 | remaining before timeout 23:49:59
[cppcheck] still running | elapsed 00:15:00 | timeout none
[codeql] still running | elapsed 00:15:00 | timeout 24:00:00 | remaining before timeout 23:44:59
[cppcheck] still running | elapsed 00:20:00 | timeout none
[codeql] still running | elapsed 00:20:00 | timeout 24:00:00 | remaining before timeout 23:39:59
[cppcheck] still running | elapsed 00:25:00 | timeout none
[codeql] still running | elapsed 00:25:00 | timeout 24:00:00 | remaining before timeout 23:34:59
[cppcheck] still running | elapsed 00:30:00 | timeout none
[codeql] still running | elapsed 00:30:00 | timeout 24:00:00 | remaining before timeout 23:29:59
[cppcheck] still running | elapsed 00:35:00 | timeout none
[codeql] still running | elapsed 00:35:00 | timeout 24:00:00 | remaining before timeout 23:24:59
[cppcheck] still running | elapsed 00:40:00 | timeout none
[codeql] still running | elapsed 00:40:00 | timeout 24:00:00 | remaining before timeout 23:19:59
[cppcheck] still running | elapsed 00:45:00 | timeout none
[codeql] still running | elapsed 00:45:00 | timeout 24:00:00 | remaining before timeout 23:14:59
[3/4] codeql completed: 1349 findings, exit 0, 2778.66s
[cppcheck] still running | elapsed 00:50:00 | timeout none
[cppcheck] still running | elapsed 00:55:00 | timeout none
[cppcheck] still running | elapsed 01:00:00 | timeout none
[cppcheck] still running | elapsed 01:05:00 | timeout none
[cppcheck] still running | elapsed 01:10:00 | timeout none
[cppcheck] still running | elapsed 01:15:00 | timeout none
[cppcheck] still running | elapsed 01:20:00 | timeout none
[cppcheck] still running | elapsed 01:25:00 | timeout none
[cppcheck] still running | elapsed 01:30:00 | timeout none
[cppcheck] still running | elapsed 01:35:00 | timeout none
[cppcheck] still running | elapsed 01:40:00 | timeout none
[cppcheck] still running | elapsed 01:45:00 | timeout none
[cppcheck] still running | elapsed 01:50:00 | timeout none
[cppcheck] still running | elapsed 01:55:00 | timeout none
[cppcheck] still running | elapsed 02:00:00 | timeout none
[cppcheck] still running | elapsed 02:05:00 | timeout none
[cppcheck] still running | elapsed 02:10:00 | timeout none
[cppcheck] still running | elapsed 02:15:00 | timeout none
[cppcheck] still running | elapsed 02:20:00 | timeout none
[cppcheck] still running | elapsed 02:25:00 | timeout none
[cppcheck] still running | elapsed 02:30:00 | timeout none
[cppcheck] still running | elapsed 02:35:00 | timeout none
[cppcheck] still running | elapsed 02:40:00 | timeout none
[cppcheck] still running | elapsed 02:45:00 | timeout none
[cppcheck] still running | elapsed 02:50:00 | timeout none
[cppcheck] still running | elapsed 02:55:00 | timeout none
[cppcheck] still running | elapsed 03:00:00 | timeout none
[cppcheck] still running | elapsed 03:05:00 | timeout none
[cppcheck] still running | elapsed 03:10:00 | timeout none
[cppcheck] still running | elapsed 03:15:00 | timeout none
[cppcheck] still running | elapsed 03:20:00 | timeout none
[cppcheck] still running | elapsed 03:25:00 | timeout none
[cppcheck] still running | elapsed 03:30:00 | timeout none
[cppcheck] still running | elapsed 03:35:00 | timeout none
[cppcheck] still running | elapsed 03:40:00 | timeout none
[cppcheck] still running | elapsed 03:45:00 | timeout none
[cppcheck] still running | elapsed 03:50:00 | timeout none
[4/4] cppcheck completed: 15647 findings, exit 0, 13829.13s

Summary: 4 completed, 0 failed, 69904 findings
Report written: /home/dcotrone/VulnDetect/Static-Analysis/outputs/kernel/linux/report.json
