[application/tmux] analyzing
Static Analysis
Project: /home/dcotrone/VulnDetect/Static-Analysis/dataset/application/tmux
Output: /home/dcotrone/VulnDetect/Static-Analysis/outputs/application/tmux
Tools: cppcheck, semgrep, codeql, flawfinder

[cppcheck] starting
[semgrep] starting
[codeql] starting
[flawfinder] starting
[1/4] flawfinder completed: 619 findings, exit 0, 1.19s
[2/4] semgrep completed: 32 findings, exit 0, 9.38s
[3/4] codeql completed: 33 findings, exit 0, 55.15s
[cppcheck] still running | elapsed 00:05:00 | timeout none
[cppcheck] still running | elapsed 00:10:00 | timeout none
[cppcheck] still running | elapsed 00:15:00 | timeout none
[cppcheck] still running | elapsed 00:20:00 | timeout none
[cppcheck] still running | elapsed 00:25:00 | timeout none
[cppcheck] still running | elapsed 00:30:00 | timeout none
[cppcheck] still running | elapsed 00:35:00 | timeout none
[cppcheck] still running | elapsed 00:40:00 | timeout none
[cppcheck] still running | elapsed 00:45:00 | timeout none
[cppcheck] still running | elapsed 00:50:00 | timeout none
[4/4] cppcheck completed: 73 findings, exit 0, 3061.97s

Summary: 4 completed, 0 failed, 757 findings
Report written: /home/dcotrone/VulnDetect/Static-Analysis/outputs/application/tmux/report.json
