[application/ClickHouse] analyzing
Static Analysis
Project: /home/dcotrone/VulnDetect/Static-Analysis/dataset/application/ClickHouse
Output: /home/dcotrone/VulnDetect/Static-Analysis/outputs/application/ClickHouse
Tools: cppcheck, semgrep, codeql, flawfinder

[cppcheck] starting
[semgrep] starting
[codeql] starting
[flawfinder] starting
[1/4] flawfinder completed: 2678 findings, exit 0, 16.06s
[2/4] semgrep completed: 4 findings, exit 0, 31.49s
[cppcheck] still running | elapsed 00:05:00 | timeout none
[codeql] still running | elapsed 00:05:00 | timeout 24:00:00 | remaining before timeout 23:54:59
[cppcheck] still running | elapsed 00:10:00 | timeout none
[codeql] still running | elapsed 00:10:00 | timeout 24:00:00 | remaining before timeout 23:49:59
[cppcheck] still running | elapsed 00:15:00 | timeout none
[codeql] still running | elapsed 00:15:00 | timeout 24:00:00 | remaining before timeout 23:44:59
[cppcheck] still running | elapsed 00:20:00 | timeout none
[codeql] still running | elapsed 00:20:00 | timeout 24:00:00 | remaining before timeout 23:39:59
[cppcheck] still running | elapsed 00:25:00 | timeout none
[codeql] still running | elapsed 00:25:00 | timeout 24:00:00 | remaining before timeout 23:34:59
[cppcheck] still running | elapsed 00:30:00 | timeout none
[codeql] still running | elapsed 00:30:00 | timeout 24:00:00 | remaining before timeout 23:29:59
[cppcheck] still running | elapsed 00:35:00 | timeout none
[codeql] still running | elapsed 00:35:00 | timeout 24:00:00 | remaining before timeout 23:24:59
[cppcheck] still running | elapsed 00:40:00 | timeout none
[codeql] still running | elapsed 00:40:00 | timeout 24:00:00 | remaining before timeout 23:19:59
[cppcheck] still running | elapsed 00:45:00 | timeout none
[codeql] still running | elapsed 00:45:00 | timeout 24:00:00 | remaining before timeout 23:14:59
[cppcheck] still running | elapsed 00:50:00 | timeout none
[codeql] still running | elapsed 00:50:00 | timeout 24:00:00 | remaining before timeout 23:09:59
[cppcheck] still running | elapsed 00:55:00 | timeout none
[codeql] still running | elapsed 00:55:00 | timeout 24:00:00 | remaining before timeout 23:04:59
[3/4] codeql completed: 141 findings, exit 0, 3480.82s
[cppcheck] still running | elapsed 01:00:00 | timeout none
[cppcheck] still running | elapsed 01:05:00 | timeout none
[cppcheck] still running | elapsed 01:10:00 | timeout none
[cppcheck] still running | elapsed 01:15:00 | timeout none
[cppcheck] still running | elapsed 01:20:00 | timeout none
[cppcheck] still running | elapsed 01:25:00 | timeout none
[cppcheck] still running | elapsed 01:30:00 | timeout none
[cppcheck] still running | elapsed 01:35:00 | timeout none
[cppcheck] still running | elapsed 01:40:00 | timeout none
[cppcheck] still running | elapsed 01:45:00 | timeout none
[cppcheck] still running | elapsed 01:50:00 | timeout none
[cppcheck] still running | elapsed 01:55:00 | timeout none
[cppcheck] still running | elapsed 02:00:00 | timeout none
[cppcheck] still running | elapsed 02:05:00 | timeout none
[4/4] cppcheck completed: 875 findings, exit 0, 7618.55s

Summary: 4 completed, 0 failed, 3698 findings
Report written: /home/dcotrone/VulnDetect/Static-Analysis/outputs/application/ClickHouse/report.json
