[application/ardupilot] analyzing
Static Analysis
Project: /home/dcotrone/VulnDetect/Static-Analysis/dataset/application/ardupilot
Output: /home/dcotrone/VulnDetect/Static-Analysis/outputs/application/ardupilot
Tools: cppcheck, semgrep, codeql, flawfinder

[cppcheck] starting
[semgrep] starting
[codeql] starting
[flawfinder] starting
[1/4] flawfinder completed: 4041 findings, exit 0, 7.28s
[2/4] semgrep completed: 35 findings, exit 0, 21.09s
[cppcheck] still running | elapsed 00:05:00 | timeout none
[codeql] still running | elapsed 00:05:00 | timeout 24:00:00 | remaining before timeout 23:54:59
[3/4] codeql completed: 95 findings, exit 0, 308.81s
[cppcheck] still running | elapsed 00:10:00 | timeout none
[cppcheck] still running | elapsed 00:15:00 | timeout none
[cppcheck] still running | elapsed 00:20:00 | timeout none
[cppcheck] still running | elapsed 00:25:00 | timeout none
[cppcheck] still running | elapsed 00:30:00 | timeout none
[cppcheck] still running | elapsed 00:35:00 | timeout none
[cppcheck] still running | elapsed 00:40:00 | timeout none
[cppcheck] still running | elapsed 00:45:00 | timeout none
[cppcheck] still running | elapsed 00:50:00 | timeout none
[4/4] cppcheck completed: 2580 findings, exit 0, 3171.79s

Summary: 4 completed, 0 failed, 6751 findings
Report written: /home/dcotrone/VulnDetect/Static-Analysis/outputs/application/ardupilot/report.json
