[application/swift] analyzing
Static Analysis
Project: /home/dcotrone/VulnDetect/Static-Analysis/dataset/application/swift
Output: /home/dcotrone/VulnDetect/Static-Analysis/outputs/application/swift
Tools: cppcheck, semgrep, codeql, flawfinder

[cppcheck] starting
[semgrep] starting
[codeql] starting
[flawfinder] starting
[1/4] flawfinder completed: 1485 findings, exit 0, 11.73s
[2/4] semgrep completed: 0 findings, exit 0, 24.90s
[cppcheck] still running | elapsed 00:05:00 | timeout none
[codeql] still running | elapsed 00:05:00 | timeout 24:00:00 | remaining before timeout 23:54:59
[cppcheck] still running | elapsed 00:10:00 | timeout none
[codeql] still running | elapsed 00:10:00 | timeout 24:00:00 | remaining before timeout 23:49:59
[3/4] codeql completed: 107 findings, exit 0, 612.80s
[cppcheck] still running | elapsed 00:15:00 | timeout none
[cppcheck] still running | elapsed 00:20:00 | timeout none
[cppcheck] still running | elapsed 00:25:00 | timeout none
[cppcheck] still running | elapsed 00:30:00 | timeout none
[cppcheck] still running | elapsed 00:35:00 | timeout none
[cppcheck] still running | elapsed 00:40:00 | timeout none
[4/4] cppcheck completed: 484 findings, exit 0, 2511.49s

Summary: 4 completed, 0 failed, 2076 findings
Report written: /home/dcotrone/VulnDetect/Static-Analysis/outputs/application/swift/report.json
