[application/godot] analyzing
Static Analysis
Project: /home/dcotrone/VulnDetect/Static-Analysis/dataset/application/godot
Output: /home/dcotrone/VulnDetect/Static-Analysis/outputs/application/godot
Tools: cppcheck, semgrep, codeql, flawfinder

[cppcheck] starting
[semgrep] starting
[codeql] starting
[flawfinder] starting
[1/4] flawfinder completed: 4771 findings, exit 0, 13.19s
[2/4] semgrep completed: 15 findings, exit 0, 27.53s
[cppcheck] still running | elapsed 00:05:00 | timeout none
[codeql] still running | elapsed 00:05:00 | timeout 24:00:00 | remaining before timeout 23:54:59
[cppcheck] still running | elapsed 00:10:00 | timeout none
[codeql] still running | elapsed 00:10:00 | timeout 24:00:00 | remaining before timeout 23:49:59
[3/4] cppcheck completed: 587 findings, exit 0, 857.02s
[codeql] still running | elapsed 00:15:00 | timeout 24:00:00 | remaining before timeout 23:44:59
[codeql] still running | elapsed 00:20:00 | timeout 24:00:00 | remaining before timeout 23:39:59
[codeql] still running | elapsed 00:25:00 | timeout 24:00:00 | remaining before timeout 23:34:59
[codeql] still running | elapsed 00:30:00 | timeout 24:00:00 | remaining before timeout 23:29:59
[codeql] still running | elapsed 00:35:00 | timeout 24:00:00 | remaining before timeout 23:24:59
[codeql] still running | elapsed 00:40:00 | timeout 24:00:00 | remaining before timeout 23:19:59
[codeql] still running | elapsed 00:45:00 | timeout 24:00:00 | remaining before timeout 23:14:59
[codeql] still running | elapsed 00:50:00 | timeout 24:00:00 | remaining before timeout 23:09:59
[codeql] still running | elapsed 00:55:00 | timeout 24:00:00 | remaining before timeout 23:04:59
[codeql] still running | elapsed 01:00:00 | timeout 24:00:00 | remaining before timeout 22:59:59
[codeql] still running | elapsed 01:05:00 | timeout 24:00:00 | remaining before timeout 22:54:59
[codeql] still running | elapsed 01:10:00 | timeout 24:00:00 | remaining before timeout 22:49:59
[codeql] still running | elapsed 01:15:00 | timeout 24:00:00 | remaining before timeout 22:44:59
[codeql] still running | elapsed 01:20:00 | timeout 24:00:00 | remaining before timeout 22:39:59
[codeql] still running | elapsed 01:25:00 | timeout 24:00:00 | remaining before timeout 22:34:59
[codeql] still running | elapsed 01:30:00 | timeout 24:00:00 | remaining before timeout 22:29:59
[codeql] still running | elapsed 01:35:00 | timeout 24:00:00 | remaining before timeout 22:24:59
[codeql] still running | elapsed 01:40:00 | timeout 24:00:00 | remaining before timeout 22:19:59
[codeql] still running | elapsed 01:45:00 | timeout 24:00:00 | remaining before timeout 22:14:59
[codeql] still running | elapsed 01:50:00 | timeout 24:00:00 | remaining before timeout 22:09:59
[codeql] still running | elapsed 01:55:00 | timeout 24:00:00 | remaining before timeout 22:04:59
[codeql] still running | elapsed 02:00:00 | timeout 24:00:00 | remaining before timeout 21:59:59
[codeql] still running | elapsed 02:05:00 | timeout 24:00:00 | remaining before timeout 21:54:59
[codeql] still running | elapsed 02:10:00 | timeout 24:00:00 | remaining before timeout 21:49:59
[codeql] still running | elapsed 02:15:00 | timeout 24:00:00 | remaining before timeout 21:44:59
[codeql] still running | elapsed 02:20:00 | timeout 24:00:00 | remaining before timeout 21:39:59
[codeql] still running | elapsed 02:25:00 | timeout 24:00:00 | remaining before timeout 21:34:59
[codeql] still running | elapsed 02:30:00 | timeout 24:00:00 | remaining before timeout 21:29:59
[4/4] codeql completed: 125 findings, exit 0, 9081.58s

Summary: 4 completed, 0 failed, 5498 findings
Report written: /home/dcotrone/VulnDetect/Static-Analysis/outputs/application/godot/report.json
