[application/FFmpeg] analyzing
Static Analysis
Project: /home/dcotrone/VulnDetect/Static-Analysis/dataset/application/FFmpeg
Output: /home/dcotrone/VulnDetect/Static-Analysis/outputs/application/FFmpeg
Tools: cppcheck, semgrep, codeql, flawfinder

[cppcheck] starting
[semgrep] starting
[codeql] starting
[flawfinder] starting
[1/4] flawfinder completed: 6524 findings, exit 0, 15.35s
[2/4] semgrep completed: 34 findings, exit 0, 65.53s
[cppcheck] still running | elapsed 00:05:00 | timeout none
[codeql] still running | elapsed 00:05:00 | timeout 24:00:00 | remaining before timeout 23:54:59
[3/4] codeql completed: 455 findings, exit 0, 496.77s
[cppcheck] still running | elapsed 00:10:00 | timeout none
[cppcheck] still running | elapsed 00:15:00 | timeout none
[cppcheck] still running | elapsed 00:20:00 | timeout none
[cppcheck] still running | elapsed 00:25:00 | timeout none
[cppcheck] still running | elapsed 00:30:00 | timeout none
[cppcheck] still running | elapsed 00:35:00 | timeout none
[cppcheck] still running | elapsed 00:40:00 | timeout none
[cppcheck] still running | elapsed 00:45:00 | timeout none
[cppcheck] still running | elapsed 00:50:00 | timeout none
[cppcheck] still running | elapsed 00:55:00 | timeout none
[cppcheck] still running | elapsed 01:00:00 | timeout none
[cppcheck] still running | elapsed 01:05:00 | timeout none
[cppcheck] still running | elapsed 01:10:00 | timeout none
[cppcheck] still running | elapsed 01:15:00 | timeout none
[cppcheck] still running | elapsed 01:20:00 | timeout none
[cppcheck] still running | elapsed 01:25:00 | timeout none
[cppcheck] still running | elapsed 01:30:00 | timeout none
[cppcheck] still running | elapsed 01:35:00 | timeout none
[cppcheck] still running | elapsed 01:40:00 | timeout none
[cppcheck] still running | elapsed 01:45:00 | timeout none
[cppcheck] still running | elapsed 01:50:00 | timeout none
[cppcheck] still running | elapsed 01:55:00 | timeout none
[cppcheck] still running | elapsed 02:00:00 | timeout none
[cppcheck] still running | elapsed 02:05:00 | timeout none
[4/4] cppcheck completed: 551 findings, exit 0, 7683.56s

Summary: 4 completed, 0 failed, 7564 findings
Report written: /home/dcotrone/VulnDetect/Static-Analysis/outputs/application/FFmpeg/report.json
