[kernel/reactos] analyzing
Static Analysis
Project: /home/dcotrone/VulnDetect/Static-Analysis/dataset/kernel/reactos
Output: /home/dcotrone/VulnDetect/Static-Analysis/outputs/kernel/reactos
Tools: cppcheck, semgrep, codeql, flawfinder

[cppcheck] starting
[semgrep] starting
[codeql] starting
[flawfinder] starting
[1/4] flawfinder completed: 18631 findings, exit 0, 27.52s
[2/4] semgrep completed: 613 findings, exit 0, 94.03s
[3/4] codeql completed: 173 findings, exit 0, 226.73s
[cppcheck] still running | elapsed 00:05:00 | timeout none
[cppcheck] still running | elapsed 00:10:00 | timeout none
[cppcheck] still running | elapsed 00:15:00 | timeout none
[cppcheck] still running | elapsed 00:20:00 | timeout none
[cppcheck] still running | elapsed 00:25:00 | timeout none
[4/4] cppcheck completed: 2091 findings, exit 0, 1569.22s

Summary: 4 completed, 0 failed, 21508 findings
Report written: /home/dcotrone/VulnDetect/Static-Analysis/outputs/kernel/reactos/report.json
