[application/rocksdb] analyzing
Static Analysis
Project: /home/dcotrone/VulnDetect/Static-Analysis/dataset/application/rocksdb
Output: /home/dcotrone/VulnDetect/Static-Analysis/outputs/application/rocksdb
Tools: cppcheck, semgrep, codeql, flawfinder

[cppcheck] starting
[semgrep] starting
[codeql] starting
[flawfinder] starting
[1/4] flawfinder completed: 3299 findings, exit 0, 5.83s
[2/4] semgrep completed: 2 findings, exit 0, 15.99s
[3/4] cppcheck completed: 314 findings, exit 0, 126.28s
[codeql] still running | elapsed 00:05:00 | timeout 24:00:00 | remaining before timeout 23:54:59
[codeql] still running | elapsed 00:10:00 | timeout 24:00:00 | remaining before timeout 23:49:59
[codeql] still running | elapsed 00:15:00 | timeout 24:00:00 | remaining before timeout 23:44:59
[codeql] still running | elapsed 00:20:00 | timeout 24:00:00 | remaining before timeout 23:39:59
[codeql] still running | elapsed 00:25:00 | timeout 24:00:00 | remaining before timeout 23:34:59
[4/4] codeql completed: 84 findings, exit 0, 1619.53s

Summary: 4 completed, 0 failed, 3699 findings
Report written: /home/dcotrone/VulnDetect/Static-Analysis/outputs/application/rocksdb/report.json
